0 info it worked if it ends with ok
1 verbose cli [ 'node', '/usr/bin/npm', 'publish' ]
2 info using npm@3.7.5
3 info using node@v0.10.42
4 verbose node symlink /usr/bin/node
5 verbose publish [ '.' ]
6 silly cache add args [ '.', null ]
7 verbose cache add spec .
8 silly cache add parsed spec { raw: '.',
8 silly cache add   scope: null,
8 silly cache add   name: null,
8 silly cache add   rawSpec: '.',
8 silly cache add   spec: '/home/balmas/workspace/jQuery.typeahead',
8 silly cache add   type: 'directory' }
9 verbose addLocalDirectory /home/balmas/.npm/capitains-sparrow.typeahead/0.0.3/package.tgz not in flight; packing
10 verbose correctMkdir /home/balmas/.npm correctMkdir not in flight; initializing
11 info lifecycle capitains-sparrow.typeahead@0.0.3~prepublish: capitains-sparrow.typeahead@0.0.3
12 silly lifecycle capitains-sparrow.typeahead@0.0.3~prepublish: no script for prepublish, continuing
13 verbose tar pack [ '/home/balmas/.npm/capitains-sparrow.typeahead/0.0.3/package.tgz',
13 verbose tar pack   '/home/balmas/workspace/jQuery.typeahead' ]
14 verbose tarball /home/balmas/.npm/capitains-sparrow.typeahead/0.0.3/package.tgz
15 verbose folder /home/balmas/workspace/jQuery.typeahead
16 verbose addLocalTarball adding from inside cache /home/balmas/.npm/capitains-sparrow.typeahead/0.0.3/package.tgz
17 verbose correctMkdir /home/balmas/.npm correctMkdir not in flight; initializing
18 silly cache afterAdd capitains-sparrow.typeahead@0.0.3
19 verbose afterAdd /home/balmas/.npm/capitains-sparrow.typeahead/0.0.3/package/package.json not in flight; writing
20 verbose correctMkdir /home/balmas/.npm correctMkdir not in flight; initializing
21 verbose afterAdd /home/balmas/.npm/capitains-sparrow.typeahead/0.0.3/package/package.json written
22 silly publish { name: 'capitains-sparrow.typeahead',
22 silly publish   description: 'jQuery typeahead plugin for CTS repositories',
22 silly publish   version: '0.0.3',
22 silly publish   keywords: [ 'CITE', 'CTS', 'Perseus', 'API', 'Capitains' ],
22 silly publish   dependencies:
22 silly publish    { 'capitains-sparrow': '~1.2.1',
22 silly publish      'typeahead.js': '~0.10.5',
22 silly publish      jquery: '~2',
22 silly publish      handlebars: '2.0.0' },
22 silly publish   devDependencies:
22 silly publish    { grunt: '~0.4.1',
22 silly publish      'grunt-cli': '~0.1',
22 silly publish      'grunt-contrib-concat': '~0.1.2',
22 silly publish      'grunt-contrib-uglify': '~0.4.x',
22 silly publish      'grunt-contrib-jasmine': '~0.6.x',
22 silly publish      'grunt-contrib-clean': '~0.6',
22 silly publish      'grunt-release': '0.11.0',
22 silly publish      'grunt-karma': '~0.10',
22 silly publish      jasmine: '~2.2',
22 silly publish      'jasmine-ajax': '~2',
22 silly publish      'jasmine-jquery': '~2',
22 silly publish      'jasmine-expect': '~1',
22 silly publish      phantomjs: '~1.9',
22 silly publish      karma: '~0.12.0',
22 silly publish      'karma-jasmine': '~0.2.0',
22 silly publish      'karma-jasmine-jquery': '~0.1',
22 silly publish      'karma-phantomjs-launcher': '~0.1.4',
22 silly publish      'karma-firefox-launcher': '~0.1.4',
22 silly publish      'karma-chrome-launcher': '~0.1' },
22 silly publish   scripts: { test: 'grunt test', build: 'grunt build' },
22 silly publish   contributors:
22 silly publish    [ { name: 'Thibault Clérice',
22 silly publish        url: 'http://github.com/PonteIneptique' },
22 silly publish      { name: 'Bridget Almas', url: 'http://github.com/Balmas' } ],
22 silly publish   maintainers:
22 silly publish    [ { name: 'Thibault Clérice',
22 silly publish        url: 'http://github.com/PonteIneptique' },
22 silly publish      { name: 'PerseusDL', url: 'http://github.com/PerseusDL' },
22 silly publish      { name: 'Capitains', url: 'http://github.com/Capitains' } ],
22 silly publish   bugs: { url: 'https://github.com/Capitains/jQuery.typeahead/issues' },
22 silly publish   repository:
22 silly publish    { type: 'git',
22 silly publish      url: 'git+https://github.com/Capitains/jQuery.typeahead.git' },
22 silly publish   licenses:
22 silly publish    [ { name: 'GNU GPL 3.0',
22 silly publish        url: 'http://www.gnu.org/copyleft/gpl.html' } ],
22 silly publish   homepage: 'https://github.com/Capitains/jQuery.typeahead/',
22 silly publish   readme: 'jQuery CTS Typeahead\n===\n\n[![Build Status](https://travis-ci.org/Capitains/jQuery.typeahead.svg?branch=master)](https://travis-ci.org/Capitains/jQuery.typeahead)\n\nIf you are looking for the CTS Search field, this is here. -If you are looking for droids, these are not the one you are looking for.\n\n## Description\n\nThis plugins aims to provide a solid selector for passage or text in your front-end. Giving it a simple CTS API endpoint and one inventory to call, this plugin will generate for you a search box where your user can simply type to find !\n\n![List when typing](img/screenshot.jquery.cts.typeahead.list.png)\n\n![After retrieval](img/screenshot.jquery.cts.typeahead.retrieved.png)\n\nTo use it, you will need to use compressed (or uncompressed) `cts.js`, \n\n```html\n<!DOCTYPE html>\n<html>\n<head>\n  <title>An example</title>\n  <script type="text/javascript" src="../build/cts.min.js"></script>\n  <script type="text/javascript" src="../build/i18n/en.min.js"></script>\n  <script type="text/javascript" src="/path/to/jQuery.js"></script>\n  <script type="text/javascript" src="/path/to/jQuery.js"></script>\n  <script type="text/javascript" src="/path/to/handlebars.js"></script>\n  <script type="text/javascript" src="/path/to/typeahead.bundle.js"></script>\n  <script type="text/javascript" src="../build/jquery.cts.typeahead.min.js"></script>\n  <link rel="stylesheet" type="text/css" href="../src/css/jquery.cts.typeahead.css" />\n\n</head>\n<body>\n\n<script type="text/javascript">\n  $(document).ready(function() {\n    $(".target").ctsTypeahead({\n      "endpoint" : "URL/exist/rest/db/xq/CTS.xq?",\n      "version" : 3,\n      "inventories" : {\n        "annotsrc" : "Nice label for annotsrc",\n        "pilots" : "Pilots"\n      }\n    });\n  });\n\n</script>\n</body>\n</html>\n```\n\n## Events\n\n| Name                         | Description\n|------------------------------|---------------------------------\n| cts-passage:retrieving       | Before retrieving the passage, this event is triggered on the retrieve_scope, aka. settings["retrieve_scope"] or on the element targeted at the init phase (`$(".target")` in the example)\n| cts-passage:retrieved        | After retrieving the passage, this event is triggered on the retrieve_scope, aka. settings["retrieve_scope"] or on the element targeted at the init phase (`$(".target")` in the example)\n| cts-passage:urn-updated      | When urn value has been updated\n| cts-passage:urn-work         | When a work urn has been chosen\n| cts-passage:urn-passage      | When a work & passage urn has been chosen\n| cts-passage:passage-error    | Retrieved passage is empty\n| cts-passage:retrieving-error | An HTTP error occured during retrieval\n\n### Event data\n\n- `cts-passage:urn-updated` pass a CTS.repository.prototypes.Text sub-instance (Edition, Translation, etc.)\n- `cts-passage:retrieved` pass a CTS.text.Passage instance\n\n## Basic parameters\n\n| Key            | Type              | Default | Required | Description                                                        |  \n| -------------- | ----------------- | ------- | -------- | ----------------                                                   |  \n| endpoint       | string            | ""      | Yes      | CTS API endpoint (URI) finishing with "?"                          |  \n| css            | object            | {}      |          | See below [CSS custom classes](#css-custom-classes)                |  \n| version        | int               | 3       |          | Version of the CTS implementation (3 or 5)                         |  \n| inventories    | object            | {}      | Yes      | Object where keys are inventory\'s name and value are label to show |  \n| retrieve       | boolean or string | false   |          | If set to true, replace the content of plugin target by the plugins data on clicking retrieve. If it\'s a string, will use string as a jQuery selector to fill with retrieved passage |\n| retrieve_scope | null or string | null                             |  | Element to retrieve from retrieved passage |  \n| passage        | boolean        | true                             |  | Show a passage selector                    |  \n| theoretical    | boolean        | false                            |  | Show theoretical works                     |  \n| tokenizer      | function       | Bloodhound.tokenizers.whitespace |  | [Function to parse the query](#tokenizer). |  \n| languages      | Array          | []                               |  | If not empty, only languages code in the Array will be shown |  \n\n## Tokenizer\n\nThe tokenizer parameter is a shortcut to defined the tokenizer of the [Bloodhound](https://github.com/twitter/typeahead.js/blob/master/doc/bloodhound.md) object. The function should have the following parameters and returns\n\n```javascript\n/**\n * Tokenize a query string into readable data for Bloodhound\n *\n * @param  {string}  query  The query string typed in the input of typeahead\n * @return {Array}          A list of string\n *\n */\nfunction tokenizer(query) {\n  return query.split(" ");\n}\n```\n\n*eg* : You can use this ctsTypeahead param to automatically filter on language for example :\n\n```javascript\n/**\n * Tokenize a query string into readable data for Bloodhound and accept only given language\n *\n * @param  {string}  query  The query string typed in the input of typeahead\n * @return {Array}          A list of string\n *\n */\nfunction tokenizer(query) {\n  query = Bloodhound.tokenizers.whitespace(query);\n  query.push("lang:grc");\n  return query;\n}\n```\n\n## CSS custom classes\n\nBecause so many plugins force you to dig the code or extend your already existing CSS classes, we thought it might be cool to give you the availability to add your own classes to **all the generated DOM elements !**. To do so, when passing your `option` object to the constructor, add the `css` dictionary, where keys are identifier described below and value a list of classes (**WITHOUT THE DOT**).\n\n|      Identifier           |  Automatic class                     | Description\n|---------------------------|--------------------------------------|--------------\n| container                 | `["cts-selector"]`                   | Container for all the generated DOM\n| retrieve-button           | `["cts-selector-retriever"]`         | `<button />` used to retrieve passage\n| retrieve-button-container | `[]`                                 | `<div />` containing previous button\n|                           |                                      |\n| citation                  | `["cts-selector-citation"]`          | `<div />` containing beginning or end passage selection\'s containers\n| citation-container        | `["cts-selector-passage-container"]` | `<div />` containing beginning or end passage selection\'s inputs\n| citation-container-legend | `["cts-selector-passage-label"]`     | `<span />` for the given div containing identifier for beginning or end\n| citation-input            | `["cts-selector-passage-number"]`    | `<Input />` for passage selection',
22 silly publish   readmeFilename: 'README.md',
22 silly publish   gitHead: 'e403462d6c6ce3f9ccc5822b6d9bcd6dc200336f',
22 silly publish   _id: 'capitains-sparrow.typeahead@0.0.3',
22 silly publish   _shasum: '8213729d316c8987548c825a4b176f9285e47806',
22 silly publish   _from: '.' }
23 verbose getPublishConfig undefined
24 silly mapToRegistry name capitains-sparrow.typeahead
25 silly mapToRegistry using default registry
26 silly mapToRegistry registry https://registry.npmjs.org/
27 silly mapToRegistry uri https://registry.npmjs.org/capitains-sparrow.typeahead
28 verbose publish registryBase https://registry.npmjs.org/
29 silly publish uploading /home/balmas/.npm/capitains-sparrow.typeahead/0.0.3/package.tgz
30 verbose request uri https://registry.npmjs.org/capitains-sparrow.typeahead
31 verbose request sending authorization for write operation
32 info attempt registry request try #1 at 12:28:32
33 verbose request using bearer token for auth
34 verbose request id b4c24fe93af3f80f
35 http request PUT https://registry.npmjs.org/capitains-sparrow.typeahead
36 http 403 https://registry.npmjs.org/capitains-sparrow.typeahead
37 verbose headers { 'content-type': 'application/json',
37 verbose headers   'cache-control': 'max-age=300',
37 verbose headers   'content-length': '95',
37 verbose headers   'accept-ranges': 'bytes',
37 verbose headers   date: 'Wed, 02 Mar 2016 17:28:34 GMT',
37 verbose headers   via: '1.1 varnish',
37 verbose headers   connection: 'keep-alive',
37 verbose headers   'x-served-by': 'cache-dfw1820-DFW',
37 verbose headers   'x-cache': 'MISS',
37 verbose headers   'x-cache-hits': '0',
37 verbose headers   'x-timer': 'S1456939713.242416,VS0,VE1388' }
38 verbose request invalidating /home/balmas/.npm/registry.npmjs.org/capitains-sparrow.typeahead on PUT
39 error publish Failed PUT 403
40 verbose stack Error: "You cannot publish over the previously published version 0.0.3." : capitains-sparrow.typeahead
40 verbose stack     at makeError (/usr/lib/node_modules/npm/node_modules/npm-registry-client/lib/request.js:264:12)
40 verbose stack     at CachingRegistryClient.<anonymous> (/usr/lib/node_modules/npm/node_modules/npm-registry-client/lib/request.js:252:14)
40 verbose stack     at Request._callback (/usr/lib/node_modules/npm/node_modules/npm-registry-client/lib/request.js:172:14)
40 verbose stack     at Request.self.callback (/usr/lib/node_modules/npm/node_modules/request/request.js:199:22)
40 verbose stack     at Request.emit (events.js:98:17)
40 verbose stack     at Request.<anonymous> (/usr/lib/node_modules/npm/node_modules/request/request.js:1036:10)
40 verbose stack     at Request.emit (events.js:117:20)
40 verbose stack     at IncomingMessage.<anonymous> (/usr/lib/node_modules/npm/node_modules/request/request.js:963:12)
40 verbose stack     at IncomingMessage.emit (events.js:117:20)
40 verbose stack     at _stream_readable.js:944:16
41 verbose statusCode 403
42 verbose pkgid capitains-sparrow.typeahead
43 verbose cwd /home/balmas/workspace/jQuery.typeahead
44 error Linux 3.19.0-51-generic
45 error argv "node" "/usr/bin/npm" "publish"
46 error node v0.10.42
47 error npm  v3.7.5
48 error code E403
49 error "You cannot publish over the previously published version 0.0.3." : capitains-sparrow.typeahead
50 error If you need help, you may report this error at:
50 error     <https://github.com/npm/npm/issues>
51 verbose exit [ 1, true ]
